[DEBUG] [2021-06-04 10:36] test01SelectStudentById()
[DEBUG] [2021-06-04 10:36] test02SelectStudentByIdWithResultMap()
[DEBUG] [2021-06-04 10:36] test03SelectStudentByAll()
[DEBUG] [2021-06-04 10:36] test04InsertStudent()
[DEBUG] [2021-06-04 10:36] test05UpdateStudent()
[DEBUG] [2021-06-04 10:36] test06DeleteStudent()
[DEBUG] [2021-06-04 10:36] test07SelectStudentByAllForHashMap()
[DEBUG] [2021-06-04 10:36] test10SelectStudentByNoAssociation()
[DEBUG] [2021-06-04 10:36] test11InsertEnumStudent()
[DEBUG] [2021-06-04 10:36] test12SelectStudentByMap()
[DEBUG] [2021-06-04 10:36] test13SelectAllStudentByMap()
[DEBUG] [2021-06-04 10:36] test14UpdateSetStudent()
[DEBUG] [2021-06-04 10:36] test01TrJoinTutorandCourse_FailTutor()
[DEBUG] [2021-06-04 10:36] testTrRemoveTutorAndCourse_FailTutor()
[DEBUG] [2021-06-04 10:36] testTrRemoveTutorAndCourse_Success()
[DEBUG] [2021-06-04 10:36] test02TrJoinTutorAndCourse_FailCourse()
[DEBUG] [2021-06-04 10:36] test03TrJoinTutorAndCourse_Success()
[DEBUG] [2021-06-04 10:36] testTrRemoveTutorAndCourse_FailCourse()
[DEBUG] [2021-06-04 10:36] testDataSource()
[DEBUG] [2021-06-04 10:36] DataSource HikariDataSource (HikariPool-1)
[DEBUG] [2021-06-04 10:36] LoginTimeout 30
[DEBUG] [2021-06-04 10:36] testOpenSession()
[DEBUG] [2021-06-04 10:36] session org.apache.ibatis.session.defaults.DefaultSqlSession@4204ce6f
[DEBUG] [2021-06-04 10:36] test01SelectCoursesByCondition()
[DEBUG] [2021-06-04 10:36] test02SelectCoursesByCondition()
[DEBUG] [2021-06-04 10:36] test03SelectCoursesByCondition()
[DEBUG] [2021-06-04 10:36] test04SelectCaseCourses()
[DEBUG] [2021-06-04 10:36] test05SelectWhereCourses()
[DEBUG] [2021-06-04 10:36] test06SelectTrimCourses()
[DEBUG] [2021-06-04 10:36] test07SelectCoursesForeachByTutors()
[DEBUG] [2021-06-04 10:36] test08insertCourses()
[DEBUG] [2021-06-04 10:36] test09UpdateCourses()
[DEBUG] [2021-06-04 10:36] test10DeleteCourses()
[DEBUG] [2021-06-04 10:36] test10UpdateCourses()
[DEBUG] [2021-06-04 10:36] test12insertCourse()
[DEBUG] [2021-06-04 10:36] test13SelectCourseById()
[DEBUG] [2021-06-04 10:36] test14DeleteCourse()
[DEBUG] [2021-06-04 10:36] testGetCourseCount()
[DEBUG] [2021-06-04 10:36] testGetCourseCountByTutor()
[DEBUG] [2021-06-04 10:36] test01SelectTutorByTutorId()
[DEBUG] [2021-06-04 10:36] test02InsertTutor()
[DEBUG] [2021-06-04 10:36] test03SelectTutorById()
[DEBUG] [2021-06-04 10:36] test04DeleteTutor()
[DEBUG] [2021-06-04 10:36] test1InsertUserPic()
[DEBUG] [2021-06-04 10:36] test2GetUserPic()
[DEBUG] [2021-06-04 10:36] test3DeleteUserPic()
[DEBUG] [2021-06-04 10:36] test01SelectStudentForMap()
[DEBUG] [2021-06-04 10:36] test02SelectStudentForMap2()
[DEBUG] [2021-06-04 10:37] test01SelectCoursesByCondition()
[DEBUG] [2021-06-04 10:37] test02SelectCoursesByCondition()
[DEBUG] [2021-06-04 10:37] test03SelectCoursesByCondition()
[DEBUG] [2021-06-04 10:37] test04SelectCaseCourses()
[DEBUG] [2021-06-04 10:37] test05SelectWhereCourses()
[DEBUG] [2021-06-04 10:37] test06SelectTrimCourses()
[DEBUG] [2021-06-04 10:37] test07SelectCoursesForeachByTutors()
[DEBUG] [2021-06-04 10:37] test08insertCourses()
[DEBUG] [2021-06-04 10:37] test09UpdateCourses()
[DEBUG] [2021-06-04 10:37] test10DeleteCourses()
[DEBUG] [2021-06-04 10:37] test10UpdateCourses()
[DEBUG] [2021-06-04 10:37] test12insertCourse()
[DEBUG] [2021-06-04 10:37] test13SelectCourseById()
[DEBUG] [2021-06-04 10:37] test14DeleteCourse()
[DEBUG] [2021-06-04 10:37] testGetCourseCount()
[DEBUG] [2021-06-04 10:37] testGetCourseCountByTutor()
[DEBUG] [2021-06-04 10:37] test01SelectStudentById()
[DEBUG] [2021-06-04 10:37] test02SelectStudentByIdWithResultMap()
[DEBUG] [2021-06-04 10:37] test03SelectStudentByAll()
[DEBUG] [2021-06-04 10:37] test04InsertStudent()
[DEBUG] [2021-06-04 10:37] test05UpdateStudent()
[DEBUG] [2021-06-04 10:37] test06DeleteStudent()
[DEBUG] [2021-06-04 10:37] test07SelectStudentByAllForHashMap()
[DEBUG] [2021-06-04 10:37] test10SelectStudentByNoAssociation()
[DEBUG] [2021-06-04 10:37] test11InsertEnumStudent()
[DEBUG] [2021-06-04 10:37] test12SelectStudentByMap()
[DEBUG] [2021-06-04 10:37] test13SelectAllStudentByMap()
[DEBUG] [2021-06-04 10:37] test14UpdateSetStudent()
[DEBUG] [2021-06-04 10:37] test01SelectTutorByTutorId()
[DEBUG] [2021-06-04 10:37] test02InsertTutor()
[DEBUG] [2021-06-04 10:37] test03SelectTutorById()
[DEBUG] [2021-06-04 10:37] test04DeleteTutor()
[DEBUG] [2021-06-04 10:37] test1InsertUserPic()
[DEBUG] [2021-06-04 10:37] test2GetUserPic()
[DEBUG] [2021-06-04 10:37] test3DeleteUserPic()
[DEBUG] [2021-06-04 10:37] test01SelectStudentForMap()
[DEBUG] [2021-06-04 10:37] test02SelectStudentForMap2()
[DEBUG] [2021-06-04 10:37] test01TrJoinTutorandCourse_FailTutor()
[DEBUG] [2021-06-04 10:37] testTrRemoveTutorAndCourse_FailTutor()
[DEBUG] [2021-06-04 10:37] testTrRemoveTutorAndCourse_Success()
[DEBUG] [2021-06-04 10:37] test02TrJoinTutorAndCourse_FailCourse()
[DEBUG] [2021-06-04 10:37] test03TrJoinTutorAndCourse_Success()
[DEBUG] [2021-06-04 10:37] testTrRemoveTutorAndCourse_FailCourse()
[DEBUG] [2021-06-04 10:37] testDataSource()
[DEBUG] [2021-06-04 10:37] DataSource HikariDataSource (HikariPool-1)
[DEBUG] [2021-06-04 10:37] LoginTimeout 30
[DEBUG] [2021-06-04 10:37] testOpenSession()
[DEBUG] [2021-06-04 10:37] session org.apache.ibatis.session.defaults.DefaultSqlSession@20fc669a
